dir first_energy last_energy homo_lumo_gap_alpha homo_lumo_gap_beta homo_energy_alpha homo_energy_beta lumo_energy_alpha lumo_energy_beta
pbe -5789.465546168061337 -5789.465843418531222 2.074650 0.006997 0.19906514 0.19950002 0.19969541 0.19984230 0.27530711 0.19975716 0.27533976 0.19921106
u-2.0 -5783.698826398515848 -5783.699096516761529 2.168140 0.002305 0.19296738 0.19441721 0.19314800 0.19411256 0.27264506 0.19450192 0.27268496 0.19405405
u-2.1 -5783.415647596828421 -5783.415937659969131 2.173870 2.017671 0.19261414 0.19413603 0.19273181 0.19382903 0.27250238 0.26828406 0.27254019 0.19376919
u-2.2 -5783.132974641977853 -5783.134576657464095 2.168353 0.105277 0.19267172 0.19282925 0.19231860 0.19354113 0.27235723 0.19669813 0.27239504 0.19347303
u-2.3 -5782.850820443595694 -5782.851467827689703 2.174460 0.140824 0.19224419 0.19239136 0.19187064 0.19324491 0.27215411 0.19756655 0.27224745 0.19319154
u-2.4 -5782.569242762636350 -5782.571430799206610 2.179429 0.186049 0.19199747 0.19222288 0.19149605 0.19297123 0.27209001 0.19906004 0.27210224 0.19291763
u-2.5 -5782.288178656614036 -5782.289977404527235 2.181634 0.118036 0.19173979 0.19193102 0.19108865 0.19268116 0.27191335 0.19626876 0.27195331 0.19264631
u-2.6 -5782.007646755216228 -5782.009198432011544 2.181503 0.095369 0.19159208 0.19175152 0.19073119 0.19239366 0.27176084 0.19525627 0.27180178 0.19238723
u-2.7 -5781.728201196249756 -5781.389782173681851 1.472070 -0.275638 0.21338231 0.26353029 0.19145521 0.19234349 0.26747990 0.25340077 0.27161072 0.19300257
u-2.8 -5781.448850037462762 -5781.454135498916912 2.197037 0.381061 0.19081915 0.19110418 0.19132053 0.19196671 0.27155877 0.20510792 0.27145219 0.19293976
u-2.9 -5781.170042467230815 -5781.187608973948954 2.209021 1.544653 0.19044287 0.19087691 0.19108875 0.19158744 0.27162292 0.24764187 0.27129620 0.19282245
u-3.0 -5780.891801880999992 -5780.657380873869442 1.577454 0.284746 0.21157461 0.26697134 0.19075975 0.19123106 0.26954498 0.27743556 0.27114527 0.19268571
u-3.5 -5779.509213475021170 -5779.533439728827034 2.245586 1.811348 0.18813871 0.18867568 0.18912707 0.18922345 0.27066249 0.25524148 0.27037290 0.19241177
u-4.0 -5778.142032519583154 -5778.171598001292296 2.278312 2.019020 0.18609497 0.18663600 0.18734559 0.18745546 0.26982141 0.26083362 0.26947522 0.19491044
u-4.5 -5776.793170250629373 -5776.825131562066417 2.314797 2.166010  0.18354628 0.18565076 0.18576544 0.26894905 0.26405842 0.26838450 0.20055767
u-5.0 -5775.462289076560410 -5775.498445800709305 2.357427 2.320200  0.18191244 0.18358180 0.18488145 0.26832195 0.26819402 0.26743955 0.20649701
u-5.5 -5774.150566502443326 -5774.163066879411417 2.359245 2.324137 0.17995395 0.18108584 0.18134447 0.18715776 0.26665460 0.26649630 0.26657246 0.21350708
u-6.0 -5772.858935726821983 -5772.898198909129860 2.385723 2.290350 0.17881615 0.18211695 0.18006939 0.19369939 0.26648988 0.26628576 0.26572492 0.22087507
u-6.5 -5771.591296616711588 -5771.625723385518540 2.395405 1.958489 0.17753420 0.19327276 0.17989311 0.20007516 0.26556373 0.26524589 0.26535620 0.23098531
u-7.0 -5770.422433070686566 -5770.440613133396255 1.272414 0.851221 0.22708216 0.24135930 0.23165036 0.23380586 0.27384253 0.27264111 0.27409991 0.25410550
u-7.5 -5769.547054101118192 -5769.564705669110481 0.330138 0.356890  0.26958608 0.27336388 0.27209622 0.28576029 0.28551834 0.28572519 0.27680393
u-7.5-rs-8.0-energy -5769.010405478119537 -5769.010405478119537 0.050864 0.103924 0.29150435 0.28728317 0.29150435 0.28728317 0.29337357 0.29110230 0.29337357 0.29110230
u-7.5-rs-8.5-energy -5769.010406349318146 -5769.010406349318146 0.050875 0.103944 0.29150404 0.28728276 0.29150404 0.28728276 0.29337366 0.29110264 0.29337366 0.29110264
u-7.5-rs-9.0-energy -5769.020355701339213 -5769.020355701339213 0.198850 0.106844 0.28869378 0.29015988 0.28869378 0.29015988 0.29600136 0.29408634 0.29600136 0.29408634
