dir first_energy last_energy homo_lumo_gap_alpha homo_lumo_gap_beta homo_energy_alpha homo_energy_beta lumo_energy_alpha lumo_energy_beta
pbe -5788.986717855432289 -5789.465753217737984 2.071205 0.018217 0.19936173 0.19950773 0.21010191 0.21003007 0.27547711 0.20017721 0.28242735 0.22052155
u-2.0 -5783.225158866618585 -5783.707359744724272 2.166038 1.074476 0.19356796 0.19394648 0.20576845 0.20595078 0.27316840 0.23343275 0.27936652 0.23741158
u-2.1 -5782.942459196951859 -5783.425189203692753 2.170848 1.128022 0.19324257 0.19362660 0.20549766 0.20568097 0.27301979 0.23508066 0.27919775 0.23855992
u-2.2 -5782.660295291183502 -5783.143316199920264 2.176195 1.185227 0.19291180 0.19329800 0.20519884 0.20541133 0.27288550 0.23685430 0.27902625 0.23972554
u-2.3 -5782.378670354737551 -5782.862234555502255 2.181375 1.238431 0.19257604 0.19296848 0.20490374 0.20513614 0.27274011 0.23847998 0.27885450 0.24088966
u-2.4 -5782.097588259878648 -5782.581651215612510 2.186530 1.290052 0.19223614 0.19263383 0.20460774 0.20485146 0.27258965 0.24004236 0.27867979 0.24208254
u-2.5 -5781.817053232522085 -5782.301661380152837 2.191946 1.343131 0.19189047 0.19229766 0.20431433 0.20455972 0.27244300 0.24165681 0.27850532 0.24319782
u-2.6 -5781.537070210812089 -5782.022429792645198 2.197082 1.395208 0.19154425 0.19195235 0.20399799 0.20426907 0.27228554 0.24322531 0.27832809 0.24433150
u-2.7 -5781.257644524755051 -5781.743587829603712 2.202872 1.445716 0.19118128 0.19160785 0.20370331 0.20396157 0.27213533 0.24473693 0.27814805 0.24543649
u-2.8 -5780.978778258646344 -5781.465406353156141 2.208126 1.495283 0.19083346 0.19126441 0.20337039 0.20366635 0.27198059 0.24621507 0.27796808 0.24658367
u-2.9 -5780.700476208007785 -5781.187671023638359 2.213852 1.545193 0.19046923 0.19090788 0.20305715 0.20334611 0.27182680 0.24769269 0.27778595 0.24768025
u-3.0 -5780.422745322531227 -5780.910499099656590 2.219640 1.592717 0.19009902 0.19054773 0.20272723 0.20302623 0.27166928 0.24907899 0.27760279 0.24885239
u-3.5 -5779.042815544367841 -5779.533438638652115 2.250104 1.824602 0.18817684 0.18866461 0.20099309 0.20137154 0.27086663 0.25571752 0.27666022 0.25403129
u-4.0 -5777.677951571015001 -5778.171586645410571 2.283513 2.031225 0.18611510 0.18666245 0.19910789 0.19959556 0.27003266 0.26130860 0.27568245 0.25864365
u-4.5 -5776.328952018279779 -5776.827822545610616 2.341243 2.313258 0.18340244 0.18432759 0.19705787 0.19773426 0.26944153 0.26933825 0.27466736 0.26252906
u-5.0 -5774.996755422624119 -5775.499514660119530 2.358530 2.326150 0.18186505 0.18293943 0.19482685 0.19615256 0.26853943 0.26842386 0.27362218 0.26570577
u-5.5 -5773.682544813189452 -5774.189244874840369 2.375881 2.328440 0.18029695 0.18188724 0.19239304 0.19813554 0.26760899 0.26745585 0.27257509 0.26838901
u-6.0 -5772.388238665600511 -5772.895104445256948 2.396564 2.312880 0.17852762 0.18139306 0.18974776 0.21188565 0.26659972 0.26638984 0.27162719 0.27097767
u-6.5 -5771.117019151981367 -5771.628230702508517 2.394419 1.994313 0.17779955 0.19224658 0.18620323 0.22271568 0.26579284 0.26553625 0.27080443 0.27048283
u-7.0 -5769.951392968499931 -5770.451378898545045 1.214191 0.924971  0.22796229 0.25433945 0.26023758 0.27437610 0.27382139 0.27958780 0.27995856
u-7.5 -5769.074001308854349 -5769.566408485507964 0.264896 0.505549 0.27464573 0.26837804 0.27924902 0.27844561 0.28438047 0.28695662 0.29073044 0.29203814
u-8.0            
u-8.5            
u-9.0            
