dir first_energy last_energy homo_lumo_gap_alpha homo_lumo_gap_beta homo_energy_alpha homo_energy_beta lumo_energy_alpha lumo_energy_beta
pbe -5789.263100175019645 -5789.266220389974478 2.065950 2.065950 0.19947523 0.19947523 0.19883648 0.19883648 0.27539751 0.27539751 0.27558167 0.27558167
u-2.0 -5783.502921578791756 -5783.505115320128425 2.153735 2.153735 0.19350217 0.19350217 0.19328760 0.19328760 0.27265047 0.27265047 0.27271212 0.27271212
u-2.1 -5783.220078252482381 -5783.222254416988108 2.158762 2.158762 0.19316784 0.19316784 0.19297324 0.19297324 0.27250088 0.27250088 0.27255841 0.27255841
u-2.2 -5782.937753407111813 -5782.939914779701212 2.163858 2.163858 0.19282972 0.19282972 0.19265428 0.19265428 0.27235004 0.27235004 0.27240039 0.27240039
u-2.3 -5782.655950413871324 -5782.658100730902333 2.169025 2.169025 0.19248772 0.19248772 0.19233246 0.19233246 0.27219793 0.27219793 0.27224337 0.27224337
u-2.4 -5782.374675666021176 -5782.376815538516894 2.174245 2.174245 0.19214261 0.19214261 0.19200619 0.19200619 0.27204466 0.27204466 0.27208217 0.27208217
u-2.5 -5782.093930825257303 -5782.096066038775461 2.179567 2.179567 0.19179262 0.19179262 0.19167623 0.19167623 0.27189025 0.27189025 0.27192151 0.27192151
u-2.6 -5781.813723358216521 -5781.815855705766808 2.184968 2.184968 0.19143851 0.19143851 0.19134172 0.19134172 0.27173462 0.27173462 0.27175875 0.27175875
u-2.7 -5781.534055693849950 -5781.536189399922478 2.190445 2.190445 0.19108030 0.19108030 0.19100424 0.19100424 0.27157766 0.27157766 0.27159442 0.27159442
u-2.8 -5781.254934346141454 -5781.257072037033140 2.196005 2.196005 0.19071783 0.19071783 0.19065981 0.19065981 0.27141954 0.27141954 0.27143089 0.27143089
u-2.9 -5780.976363056604896 -5780.978508480517121 2.201649 2.201649 0.19035112 0.19035112 0.19031357 0.19031357 0.27126022 0.27126022 0.27126480 0.27126480
u-3.0 -5780.698347450568690 -5780.700503967588702 2.207376 2.207376 0.18998002 0.18998002 0.18996198 0.18996198 0.27109960 0.27109960 0.27109818 0.27109818
u-3.5 -5779.316788684931453 -5779.319065997937287 2.237194 2.237194 0.18806035 0.18806035 0.18813375 0.18813375 0.27027572 0.27027572 0.27024174 0.27024174
u-4.0 -5777.949952007619686 -5777.952438309018362 2.269593 2.269593 0.18601690 0.18601690 0.18618042 0.18618042 0.26942291 0.26942291 0.26935139 0.26935139
u-4.5 -5776.598615719133704 -5776.601421029721678 2.304812 2.304812 0.18383880 0.18383880 0.18408367 0.18408367 0.26853907 0.26853907 0.26842882 0.26842882
u-5.0 -5775.263654286778547 -5775.266902380558349 2.328273 2.328273 0.18206317 0.18206317 0.18182630 0.18182630 0.26762562 0.26762562 0.26747268 0.26747268
u-5.5 -5773.946053783401112 -5773.949882443030219 2.345554 2.345554 0.18048651 0.18048651 0.18010736 0.18010736 0.26668404 0.26668404 0.26648454 0.26648454
u-6.0 -5772.646934686707027 -5772.651500037774895 2.361686 2.361686 0.17892886 0.17892886 0.17840461 0.17840461 0.26571922 0.26571922 0.26546894 0.26546894
u-6.5 -5771.367588641654038 -5771.373066501246285 2.375379 2.375379 0.17744295 0.17744295 0.17673165 0.17673165 0.26473650 0.26473650 0.26443082 0.26443082
u-7.0 -5770.109539780920386 -5770.116244514037135 2.383889 2.383889 0.17618273 0.17618273 0.17516143 0.17516143 0.26378905 0.26378905 0.26338136 0.26338136
u-7.5 -5768.874640021522282 -5768.883016505221349 2.384374 2.384374 0.17522992 0.17522992 0.17383592 0.17383592 0.26285404 0.26285404 0.26234186 0.26234186
u-7.5-rs-8.0-energy -5767.675265730729734 -5767.675265730729734 2.375977 2.375977 0.17451628 0.17451628 0.17451628 0.17451628 0.26183184 0.26183184 0.26183184 0.26183184
u-7.5-rs-8.5-energy -5767.675265730726096 -5767.675265730726096 2.375977 2.375977 0.17451628 0.17451628 0.17451628 0.17451628 0.26183184 0.26183184 0.26183184 0.26183184
u-7.5-rs-9.0-energy -5767.675265730727006 -5767.675265730727006 2.375977 2.375977 0.17451628 0.17451628 0.17451628 0.17451628 0.26183184 0.26183184 0.26183184 0.26183184
