dir first_energy last_energy homo_lumo_gap_alpha homo_lumo_gap_beta homo_energy_alpha homo_energy_beta lumo_energy_alpha lumo_energy_beta
pbe -5789.265894128187938 -5789.265894128187938 2.039019 2.039019 0.20037733 0.20037733 0.20037733 0.20037733 0.27530991 0.27530991 0.27530991 0.27530991
u-2.0 -5783.470851208954628 -5783.470851208954628 1.036716 1.036716 0.23403375 0.23403375 0.23403375 0.23403375 0.27213235 0.27213235 0.27213235 0.27213235
u-2.1 -5783.187524687979931 -5783.187524687979931 1.029758 1.029758 0.23413154 0.23413154 0.23413154 0.23413154 0.27197445 0.27197445 0.27197445 0.27197445
u-2.2 -5782.904349292850384 -5782.904349292850384 1.021116 1.021116 0.23430943 0.23430943 0.23430943 0.23430943 0.27183475 0.27183475 0.27183475 0.27183475
u-2.3 -5782.622107157662867 -5782.622107157662867 1.015575 1.015575 0.23435735 0.23435735 0.23435735 0.23435735 0.27167903 0.27167903 0.27167903 0.27167903
u-2.4 -5782.340387097786333 -5782.340387097786333 1.011380 1.011380 0.23435657 0.23435657 0.23435657 0.23435657 0.27152410 0.27152410 0.27152410 0.27152410
u-2.5 -5782.059199511101724 -5782.059199511101724 1.006668 1.006668 0.23437370 0.23437370 0.23437370 0.23437370 0.27136809 0.27136809 0.27136809 0.27136809
u-2.6 -5781.778787710056349 -5781.778787710056349 1.000360 1.000360 0.23443673 0.23443673 0.23443673 0.23443673 0.27119927 0.27119927 0.27119927 0.27119927
u-2.7 -5781.498791608087231 -5781.498791608087231 0.997505 0.997505 0.23437512 0.23437512 0.23437512 0.23437512 0.27103275 0.27103275 0.27103275 0.27103275
u-2.8 -5781.219453225527104 -5781.219453225527104 0.994984 0.994984 0.23430427 0.23430427 0.23430427 0.23430427 0.27086927 0.27086927 0.27086927 0.27086927
u-2.9 -5780.940551455549212 -5780.940551455549212 0.990995 0.990995 0.23428569 0.23428569 0.23428569 0.23428569 0.27070407 0.27070407 0.27070407 0.27070407
u-3.0 -5780.662725197109467 -5780.662725197109467 0.990266 0.990266 0.23393207 0.23393207 0.23393207 0.23393207 0.27032367 0.27032367 0.27032367 0.27032367
u-3.5 -5779.279905134605542 -5779.279905134605542 0.987509 0.987509 0.23317817 0.23317817 0.23317817 0.23317817 0.26946845 0.26946845 0.26946845 0.26946845
u-4.0 -5777.912942409467178 -5777.912942409467178 1.010286 1.010286 0.23157557 0.23157557 0.23157557 0.23157557 0.26870288 0.26870288 0.26870288 0.26870288
u-4.5 -5776.560353825840139 -5776.560353825840139 1.011529 1.011529 0.23062826 0.23062826 0.23062826 0.23062826 0.26780127 0.26780127 0.26780127 0.26780127
u-5.0 -5775.227815258131159 -5775.227815258131159 1.051483 1.051483 0.22861433 0.22861433 0.22861433 0.22861433 0.26725562 0.26725562 0.26725562 0.26725562
u-5.5 -5773.911094080941439 -5773.911094080941439 1.085538 1.085538 0.22638422 0.22638422 0.22638422 0.22638422 0.26627702 0.26627702 0.26627702 0.26627702
u-6.0 -5772.613855245728701 -5772.613855245728701 1.144539 1.144539 0.22322988 0.22322988 0.22322988 0.22322988 0.26529091 0.26529091 0.26529091 0.26529091
u-6.5 -5771.338095725235689 -5771.338095725235689 1.258520 1.258520 0.21798080 0.21798080 0.21798080 0.21798080 0.26423057 0.26423057 0.26423057 0.26423057
u-7.0 -5770.096469676905144 -5770.096469676905144 1.827808 1.827808 0.19617173 0.19617173 0.19617173 0.19617173 0.26334245 0.26334245 0.26334245 0.26334245
u-7.5 -5768.874682319859858 -5768.874682319859858 2.924276 2.924276 0.17758733 0.17758733 0.17758733 0.17758733 0.28505250 0.28505250 0.28505250 0.28505250
u-7.5-rs-8.0-energy            
u-7.5-rs-8.5-energy            
u-7.5-rs-9.0-energy            
